<?xml version="1.0" encoding="UTF-8"?>
<!-- Generated by org.testng.reporters.JUnitReportReporter -->
<testsuite skipped="0" hostname="Malays-MacBook-Pro.local" name="apex.selenium.selenium_class_test.AppTest" tests="1" failures="0" timestamp="21 Aug 2017 20:17:37 GMT" time="0.011" errors="0">
  <testcase name="testApp" time="0.011" classname="apex.selenium.selenium_class_test.AppTest"/>
</testsuite> <!-- apex.selenium.selenium_class_test.AppTest -->
