<?xml version="1.0" encoding="UTF-8"?>
<!-- Generated by org.testng.reporters.JUnitReportReporter -->
<testsuite skipped="0" hostname="Malays-MacBook-Pro.local" name="webDrivern.test.MemberLoginTestFinal" tests="1" failures="0" timestamp="01 Aug 2017 19:31:31 GMT" time="14.267" errors="0">
  <testcase name="memberLogin" time="14.267" classname="webDrivern.test.MemberLoginTestFinal"/>
</testsuite> <!-- webDrivern.test.MemberLoginTestFinal -->
