<?xml version="1.0" encoding="UTF-8"?>
<!-- Generated by org.testng.reporters.JUnitReportReporter -->
<testsuite skipped="0" hostname="Malays-MacBook-Pro.local" name="webDrivern.test.MemberRegistrationFinal" tests="1" failures="0" timestamp="01 Aug 2017 19:32:45 GMT" time="50.359" errors="0">
  <testcase name="memberRegister" time="50.359" classname="webDrivern.test.MemberRegistrationFinal"/>
</testsuite> <!-- webDrivern.test.MemberRegistrationFinal -->
