<?xml version="1.0" encoding="UTF-8"?>
<!-- Generated by org.testng.reporters.JUnitReportReporter -->
<testsuite skipped="0" hostname="Malays-MacBook-Pro.local" name="apex.selenium.selenium_class_test.AppTest" tests="1" failures="0" timestamp="25 Jul 2017 20:00:54 GMT" time="0.009" errors="0">
  <testcase name="testApp" time="0.009" classname="apex.selenium.selenium_class_test.AppTest"/>
</testsuite> <!-- apex.selenium.selenium_class_test.AppTest -->
